<?xml version="1.0" encoding="UTF-8"?>
<!-- Generated by org.testng.reporters.JUnitReportReporter -->
<testsuite hostname="DESKTOP-AQM0K1A" failures="0" tests="1" name="actitime.com.testscript.customermodule" time="21.106" errors="0" timestamp="2023-08-15T15:26:42 IST" skipped="0">
  <testcase classname="actitime.com.testscript.customermodule" name="testcreatecustomer" time="21.106">
    <system-out>
      <![CDATA[createcustomer]]>
    </system-out>
  </testcase> <!-- testcreatecustomer -->
  <system-out>
    <![CDATA[openbrowser
login
createcustomer
logout
closebrowser]]>
  </system-out>
</testsuite> <!-- actitime.com.testscript.customermodule -->
